2001.08.13 21:32 B D:\ARTFACTORY\Web Jobs\På gång\coachman\pics\ACCESSORIESgr.gif --> ftp.levonline.se /home/userA/a0028700/public_html/coachman/pics ACCESSORIESgr.gif
2001.08.13 21:32 B D:\ARTFACTORY\Web Jobs\På gång\coachman\pics\ACCESSORIESor.gif --> ftp.levonline.se /home/userA/a0028700/public_html/coachman/pics ACCESSORIESor.gif
2001.08.13 21:32 B D:\ARTFACTORY\Web Jobs\På gång\coachman\pics\background.gif --> ftp.levonline.se /home/userA/a0028700/public_html/coachman/pics background.gif
2001.08.13 21:32 B D:\ARTFACTORY\Web Jobs\På gång\coachman\pics\background2.gif --> ftp.levonline.se /home/userA/a0028700/public_html/coachman/pics background2.gif
2001.08.13 21:32 B D:\ARTFACTORY\Web Jobs\På gång\coachman\pics\BLANKSgr.gif --> ftp.levonline.se /home/userA/a0028700/public_html/coachman/pics BLANKSgr.gif
2001.08.13 21:32 B D:\ARTFACTORY\Web Jobs\På gång\coachman\pics\BLANKSor.gif --> ftp.levonline.se /home/userA/a0028700/public_html/coachman/pics BLANKSor.gif
2001.08.13 21:32 B D:\ARTFACTORY\Web Jobs\På gång\coachman\pics\blankspic.jpg --> ftp.levonline.se /home/userA/a0028700/public_html/coachman/pics blankspic.jpg
2001.08.13 21:33 B D:\ARTFACTORY\Web Jobs\På gång\coachman\pics\CANE RODSgr.gif --> ftp.levonline.se /home/userA/a0028700/public_html/coachman/pics CANE RODSgr.gif
2001.08.13 21:33 B D:\ARTFACTORY\Web Jobs\På gång\coachman\pics\CANE RODSor.gif --> ftp.levonline.se /home/userA/a0028700/public_html/coachman/pics CANE RODSor.gif
2001.08.13 21:33 B D:\ARTFACTORY\Web Jobs\På gång\coachman\pics\canerodspic.jpg --> ftp.levonline.se /home/userA/a0028700/public_html/coachman/pics canerodspic.jpg
2001.08.13 21:33 B D:\ARTFACTORY\Web Jobs\På gång\coachman\pics\CLOTHESgr.gif --> ftp.levonline.se /home/userA/a0028700/public_html/coachman/pics CLOTHESgr.gif
2001.08.13 21:33 B D:\ARTFACTORY\Web Jobs\På gång\coachman\pics\CLOTHESor.gif --> ftp.levonline.se /home/userA/a0028700/public_html/coachman/pics CLOTHESor.gif
2001.08.13 21:33 B D:\ARTFACTORY\Web Jobs\På gång\coachman\pics\CONSULTINGgr.gif --> ftp.levonline.se /home/userA/a0028700/public_html/coachman/pics CONSULTINGgr.gif
2001.08.13 21:33 B D:\ARTFACTORY\Web Jobs\På gång\coachman\pics\CONSULTINGor.gif --> ftp.levonline.se /home/userA/a0028700/public_html/coachman/pics CONSULTINGor.gif
2001.08.13 21:33 B D:\ARTFACTORY\Web Jobs\På gång\coachman\pics\descript.ion --> ftp.levonline.se /home/userA/a0028700/public_html/coachman/pics descript.ion
2001.08.13 21:33 B D:\ARTFACTORY\Web Jobs\På gång\coachman\pics\downarrow.gif --> ftp.levonline.se /home/userA/a0028700/public_html/coachman/pics downarrow.gif
2001.08.13 21:33 B D:\ARTFACTORY\Web Jobs\På gång\coachman\pics\FLIESgr.gif --> ftp.levonline.se /home/userA/a0028700/public_html/coachman/pics FLIESgr.gif
2001.08.13 21:33 B D:\ARTFACTORY\Web Jobs\På gång\coachman\pics\FLIESor.gif --> ftp.levonline.se /home/userA/a0028700/public_html/coachman/pics FLIESor.gif
2001.08.13 21:33 B D:\ARTFACTORY\Web Jobs\På gång\coachman\pics\FLY LINESgr.gif --> ftp.levonline.se /home/userA/a0028700/public_html/coachman/pics FLY LINESgr.gif
2001.08.13 21:34 B D:\ARTFACTORY\Web Jobs\På gång\coachman\pics\FLY LINESor.gif --> ftp.levonline.se /home/userA/a0028700/public_html/coachman/pics FLY LINESor.gif
2001.08.13 21:34 B D:\ARTFACTORY\Web Jobs\På gång\coachman\pics\FLY TYINGgr.gif --> ftp.levonline.se /home/userA/a0028700/public_html/coachman/pics FLY TYINGgr.gif
2001.08.13 21:34 B D:\ARTFACTORY\Web Jobs\På gång\coachman\pics\FLY TYINGor.gif --> ftp.levonline.se /home/userA/a0028700/public_html/coachman/pics FLY TYINGor.gif
2001.08.13 21:34 B D:\ARTFACTORY\Web Jobs\På gång\coachman\pics\flylinepic.jpg --> ftp.levonline.se /home/userA/a0028700/public_html/coachman/pics flylinepic.jpg
2001.08.13 21:34 B D:\ARTFACTORY\Web Jobs\På gång\coachman\pics\HISTORYgr.gif --> ftp.levonline.se /home/userA/a0028700/public_html/coachman/pics HISTORYgr.gif
2001.08.13 21:34 B D:\ARTFACTORY\Web Jobs\På gång\coachman\pics\HISTORYor.gif --> ftp.levonline.se /home/userA/a0028700/public_html/coachman/pics HISTORYor.gif
2001.08.13 21:35 B D:\ARTFACTORY\Web Jobs\På gång\coachman\pics\homepic.jpg --> ftp.levonline.se /home/userA/a0028700/public_html/coachman/pics homepic.jpg
2001.08.13 21:35 B D:\ARTFACTORY\Web Jobs\På gång\coachman\pics\hooks.jpg --> ftp.levonline.se /home/userA/a0028700/public_html/coachman/pics hooks.jpg
2001.08.13 21:35 B D:\ARTFACTORY\Web Jobs\På gång\coachman\pics\HOOKSgr.gif --> ftp.levonline.se /home/userA/a0028700/public_html/coachman/pics HOOKSgr.gif
2001.08.13 21:35 B D:\ARTFACTORY\Web Jobs\På gång\coachman\pics\HOOKSor.gif --> ftp.levonline.se /home/userA/a0028700/public_html/coachman/pics HOOKSor.gif
2001.08.13 21:35 B D:\ARTFACTORY\Web Jobs\På gång\coachman\pics\infopic.jpg --> ftp.levonline.se /home/userA/a0028700/public_html/coachman/pics infopic.jpg
2001.08.13 21:35 B D:\ARTFACTORY\Web Jobs\På gång\coachman\pics\milanhooks.jpg --> ftp.levonline.se /home/userA/a0028700/public_html/coachman/pics milanhooks.jpg
2001.08.13 21:35 B D:\ARTFACTORY\Web Jobs\På gång\coachman\pics\OPINIONSgr.gif --> ftp.levonline.se /home/userA/a0028700/public_html/coachman/pics OPINIONSgr.gif
2001.08.13 21:35 B D:\ARTFACTORY\Web Jobs\På gång\coachman\pics\OPINIONSor.gif --> ftp.levonline.se /home/userA/a0028700/public_html/coachman/pics OPINIONSor.gif
2001.08.13 21:35 B D:\ARTFACTORY\Web Jobs\På gång\coachman\pics\ROD BUILDINGgr.gif --> ftp.levonline.se /home/userA/a0028700/public_html/coachman/pics ROD BUILDINGgr.gif
2001.08.13 21:35 B D:\ARTFACTORY\Web Jobs\På gång\coachman\pics\ROD BUILDINGor.gif --> ftp.levonline.se /home/userA/a0028700/public_html/coachman/pics ROD BUILDINGor.gif
2001.08.13 21:36 B D:\ARTFACTORY\Web Jobs\På gång\coachman\pics\rodbuildingpic.jpg --> ftp.levonline.se /home/userA/a0028700/public_html/coachman/pics rodbuildingpic.jpg
2001.08.13 21:36 B D:\ARTFACTORY\Web Jobs\På gång\coachman\pics\SUNDRIESgr.gif --> ftp.levonline.se /home/userA/a0028700/public_html/coachman/pics SUNDRIESgr.gif
2001.08.13 21:36 B D:\ARTFACTORY\Web Jobs\På gång\coachman\pics\SUNDRIESor.gif --> ftp.levonline.se /home/userA/a0028700/public_html/coachman/pics SUNDRIESor.gif
2001.08.13 21:36 B D:\ARTFACTORY\Web Jobs\På gång\coachman\pics\TERMS OF SALEgr.gif --> ftp.levonline.se /home/userA/a0028700/public_html/coachman/pics TERMS OF SALEgr.gif
2001.08.13 21:36 B D:\ARTFACTORY\Web Jobs\På gång\coachman\pics\TERMS OF SALEor.gif --> ftp.levonline.se /home/userA/a0028700/public_html/coachman/pics TERMS OF SALEor.gif
2001.08.13 21:36 B D:\ARTFACTORY\Web Jobs\På gång\coachman\pics\termsofsalepic.jpg --> ftp.levonline.se /home/userA/a0028700/public_html/coachman/pics termsofsalepic.jpg
2001.08.13 21:36 B D:\ARTFACTORY\Web Jobs\På gång\coachman\pics\tuitionpic.jpg --> ftp.levonline.se /home/userA/a0028700/public_html/coachman/pics tuitionpic.jpg
2001.08.13 21:36 B D:\ARTFACTORY\Web Jobs\På gång\coachman\pics\uparrow.gif --> ftp.levonline.se /home/userA/a0028700/public_html/coachman/pics uparrow.gif
